Arguments: 
  C:\Program Files\nodejs\node.exe C:\Users\camil\AppData\Roaming\npm\node_modules\yarn\bin\yarn.js install

PATH: 
  "C:\Program Files (x86)\Common Files\Oracle\Java\javapath;C:\flutter\bin";C:\Python310\Scripts\;C:\Python310\;C:\Windows\system32;C:\Windows;C:\Windows\System32\Wbem;C:\Windows\System32\WindowsPowerShell\v1.0\;C:\Windows\System32\OpenSSH\;C:\Program Files\nodejs\;C:\ProgramData\chocolatey\bin;C:\Program Files\Git\cmd;C:\Users\camil\AppData\Local\Android\Sdk\platform-tools;"C:\flutter\bin;"C:\Program Files (x86)\Common Files\Oracle\Java\javapath;C:\flutter\bin";C:\Python310\Scripts\;C:\Python310\;C:\Windows\system32;C:\Windows;C:\Windows\System32\Wbem;C:\Windows\System32\WindowsPowerShell\v1.0\;C:\Windows\System32\OpenSSH\;C:\Program Files\nodejs\;C:\ProgramData\chocolatey\bin;C:\Program Files\Git\cmd;C:\Users\camil\AppData\Local\Android\Sdk\platform-tools;"C:\flutter\bin;"C:\Program Files (x86)\Common Files\Oracle\Java\javapath;C:\flutter\bin";C:\Python310\Scripts\;C:\Python310\;C:\Windows\system32;C:\Windows;C:\Windows\System32\Wbem;C:\Windows\System32\WindowsPowerShell\v1.0\;C:\Windows\System32\OpenSSH\;C:\Program Files\nodejs\;C:\ProgramData\chocolatey\bin;C:\Program Files\Git\cmd;C:\Users\camil\AppData\Local\Android\Sdk\platform-tools;"C:\flutter\bin;"C:\Program Files (x86)\Common Files\Oracle\Java\javapath;C:\flutter\bin";C:\Python310\Scripts\;C:\Python310\;C:\Windows\system32;C:\Windows;C:\Windows\System32\Wbem;C:\Windows\System32\WindowsPowerShell\v1.0\;C:\Windows\System32\OpenSSH\;C:\Program Files\nodejs\;C:\ProgramData\chocolatey\bin;C:\Program Files\Git\cmd;C:\Users\camil\AppData\Local\Android\Sdk\platform-tools;"C:\flutter\bin;"C:\Program Files (x86)\Common Files\Oracle\Java\javapath;C:\flutter\bin";C:\Python310\Scripts\;C:\Python310\;C:\Windows\system32;C:\Windows;C:\Windows\System32\Wbem;C:\Windows\System32\WindowsPowerShell\v1.0\;C:\Windows\System32\OpenSSH\;C:\Program Files\nodejs\;C:\ProgramData\chocolatey\bin;C:\Program Files\Git\cmd;C:\Users\camil\AppData\Local\Android\Sdk\platform-tools;"C:\flutter\bin;"C:\Program Files (x86)\Common Files\Oracle\Java\javapath;C:\flutter\bin";C:\Python310\Scripts\;C:\Python310\;C:\Windows\system32;C:\Windows;C:\Windows\System32\Wbem;C:\Windows\System32\WindowsPowerShell\v1.0\;C:\Windows\System32\OpenSSH\;C:\Program Files\nodejs\;C:\ProgramData\chocolatey\bin;C:\Program Files\Git\cmd;C:\Users\camil\AppData\Local\Android\Sdk\platform-tools;"C:\flutter\bin;"C:\Program Files (x86)\Common Files\Oracle\Java\javapath;C:\flutter\bin";C:\Python310\Scripts\;C:\Python310\;C:\Windows\system32;C:\Windows;C:\Windows\System32\Wbem;C:\Windows\System32\WindowsPowerShell\v1.0\;C:\Windows\System32\OpenSSH\;C:\Program Files\nodejs\;C:\ProgramData\chocolatey\bin;C:\Program Files\Git\cmd;C:\Users\camil\AppData\Local\Android\Sdk\platform-tools;"C:\flutter\bin;"C:\Program Files (x86)\Common Files\Oracle\Java\javapath;C:\flutter\bin";C:\Python310\Scripts\;C:\Python310\;C:\Windows\system32;C:\Windows;C:\Windows\System32\Wbem;C:\Windows\System32\WindowsPowerShell\v1.0\;C:\Windows\System32\OpenSSH\;C:\Program Files\nodejs\;C:\ProgramData\chocolatey\bin;C:\Program Files\Git\cmd;C:\Users\camil\AppData\Local\Android\Sdk\platform-tools;"C:\flutter\bin;"C:\Program Files (x86)\Common Files\Oracle\Java\javapath;C:\flutter\bin";C:\Python310\Scripts\;C:\Python310\;C:\Windows\system32;C:\Windows;C:\Windows\System32\Wbem;C:\Windows\System32\WindowsPowerShell\v1.0\;C:\Windows\System32\OpenSSH\;C:\Program Files\nodejs\;C:\ProgramData\chocolatey\bin;C:\Program Files\Git\cmd;C:\Users\camil\AppData\Local\Android\Sdk\platform-tools;"C:\flutter\bin;%PATH%";C:\Users\camil\AppData\Local\Microsoft\WindowsApps;C:\Users\camil\AppData\Local\Programs\Microsoft VS Code\bin;C:\Users\camil\AppData\Roaming\npm;C:\src\flutter\bin";C:\Users\camil\AppData\Local\Microsoft\WindowsApps;C:\Users\camil\AppData\Local\Programs\Microsoft VS Code\bin;C:\Users\camil\AppData\Roaming\npm;C:\src\flutter\bin";C:\Program Files\dotnet\;C:\Program Files\Microsoft SQL Server\130\Tools\Binn\;C:\src\flutter\bin;C:\Users\camil\.dotnet\tools";C:\Users\camil\AppData\Local\Microsoft\WindowsApps;C:\Users\camil\AppData\Local\Programs\Microsoft VS Code\b

Yarn version: 
  1.22.17

Node version: 
  14.15.0

Platform: 
  win32 x64

Trace: 
  Error: https://registry.yarnpkg.com/@react-native-elements%2fbase: Not found
      at Request.params.callback [as _callback] (C:\Users\camil\AppData\Roaming\npm\node_modules\yarn\lib\cli.js:67029:18)
      at Request.self.callback (C:\Users\camil\AppData\Roaming\npm\node_modules\yarn\lib\cli.js:140883:22)
      at Request.emit (events.js:315:20)
      at Request.<anonymous> (C:\Users\camil\AppData\Roaming\npm\node_modules\yarn\lib\cli.js:141855:10)
      at Request.emit (events.js:315:20)
      at IncomingMessage.<anonymous> (C:\Users\camil\AppData\Roaming\npm\node_modules\yarn\lib\cli.js:141777:12)
      at Object.onceWrapper (events.js:421:28)
      at IncomingMessage.emit (events.js:327:22)
      at endReadableNT (_stream_readable.js:1327:12)
      at processTicksAndRejections (internal/process/task_queues.js:80:21)

npm manifest: 
  {
    "name": "app",
    "version": "1.0.0",
    "main": "node_modules/expo/AppEntry.js",
    "author": {
      "name": "RNE"
    },
    "keywords": [
      "react-native",
      "react-native-elements",
      "react-native-template",
      "expo"
    ],
    "scripts": {
      "start": "expo start",
      "android": "expo start --android",
      "ios": "expo start --ios",
      "web": "expo start --web",
      "eject": "expo eject"
    },
    "dependencies": {
      "@react-native-elements/base": "4.0.0-rc.0",
      "@react-native-elements/themed": "4.0.0-rc.0",
      "expo": "^1.0.0",
      "expo-status-bar": "~1.2.0",
      "react": "17.0.1",
      "react-dom": "17.0.1",
      "react-native": "0.64.3",
      "react-native-web": "0.17.1"
    },
    "devDependencies": {
      "@babel/core": "^7.12.9"
    },
    "private": true
  }

yarn manifest: 
  No manifest

Lockfile: 
  No lockfile
